<?xml version="1.0" encoding="UTF-8" ?>
<testsuite failures="0" time="0.014" errors="0" skipped="0" tests="4" name="org.apache.commons.cli.bug.BugCLI162Test">
  <properties>
[...]
</properties>
  <testcase time="0.001" classname="org.apache.commons.cli.bug.BugCLI162Test" name="testInfiniteLoop"/>
  <testcase time="0.006" classname="org.apache.commons.cli.bug.BugCLI162Test" name="testPrintHelpLongLines"/>
  <testcase time="0" classname="org.apache.commons.cli.bug.BugCLI162Test" name="testLongLineChunking"/>
  <testcase time="0.006" classname="org.apache.commons.cli.bug.BugCLI162Test" name="testLongLineChunkingIndentIgnored"/>
</testsuite>